<?xml version="1.0" encoding="UTF-8"?>
<!-- Generated by org.testng.reporters.JUnitReportReporter -->
<testsuite hostname="DEEP" failures="0" tests="2" name="Sample.DataProviderPratice" time="26.542" errors="0" timestamp="2025-03-24T09:18:27 IST" skipped="0">
  <testcase classname="Sample.DataProviderPratice" name="pratice" time="5.399"/>
  <testcase classname="Sample.DataProviderPratice" name="pratice" time="21.143"/>
</testsuite> <!-- Sample.DataProviderPratice -->
