<?xml version="1.0" encoding="UTF-8"?>
<!-- Generated by org.testng.reporters.JUnitReportReporter -->
<testsuite hostname="DEEP" failures="0" tests="1" name="testCaseRepo.TC_003" time="20.611" errors="0" timestamp="2025-03-19T10:13:45 IST" skipped="0">
  <testcase classname="testCaseRepo.TC_003" name="LE_003" time="20.611"/>
</testsuite> <!-- testCaseRepo.TC_003 -->
