<?xml version="1.0" encoding="UTF-8"?>
<!-- Generated by org.testng.reporters.JUnitReportReporter -->
<testsuite hostname="DEEP" failures="0" tests="1" name="testCaseRepo.TC_004" time="18.880" errors="0" timestamp="2025-03-26T10:04:51 IST" skipped="0">
  <testcase classname="testCaseRepo.TC_004" name="CON_001" time="18.880">
    <system-out>
      <![CDATA[CON_001On Test Start Executed
CON_001On Test Success Executed]]>
    </system-out>
  </testcase> <!-- CON_001 -->
  <system-out>
    <![CDATA[LE_002On Test Start Executed
LE_002On Test Success Executed
LE_001On Test Start Executed
LE_001On Test Failure Executed
CON_001On Test Start Executed
CON_001On Test Success Executed
LE_002On Test Start Executed
LE_002On Test Success Executed
LE_001On Test Start Executed
LE_001On Test Failure Executed
CON_003On Test Start Executed
CON_003On Test Success Executed]]>
  </system-out>
</testsuite> <!-- testCaseRepo.TC_004 -->
