<?xml version="1.0" encoding="UTF-8"?>
<!-- Generated by org.testng.reporters.JUnitReportReporter -->
<testsuite hostname="DEEP" failures="0" tests="1" name="testCaseRepo.TC_002" time="20.342" errors="0" timestamp="2025-03-26T10:31:45 IST" skipped="0">
  <testcase classname="testCaseRepo.TC_002" name="LE_002" time="20.342">
    <system-out>
      <![CDATA[LE_002On Test Start Executed
LE_002On Test Success Executed]]>
    </system-out>
  </testcase> <!-- LE_002 -->
  <system-out>
    <![CDATA[LE_002On Test Start Executed
LE_002On Test Success Executed
LE_001On Test Start Executed
LE_001On Test Success Executed
CON_003On Test Start Executed
CON_003On Test Success Executed]]>
  </system-out>
</testsuite> <!-- testCaseRepo.TC_002 -->
