<?xml version="1.0" encoding="UTF-8"?>
<!-- Generated by org.testng.reporters.JUnitReportReporter -->
<testsuite hostname="DEEP" failures="0" tests="5" name="Sample.TestNGPratice" time="0.013" errors="0" timestamp="2025-03-26T09:57:29 IST" skipped="1">
  <testcase classname="Sample.TestNGPratice" name="createUser" time="0.008"/>
  <testcase classname="Sample.TestNGPratice" name="createUser" time="0.002"/>
  <testcase classname="Sample.TestNGPratice" name="createUser" time="0.002"/>
  <testcase classname="Sample.TestNGPratice" name="modifyUser" time="0.001"/>
  <testcase classname="Sample.TestNGPratice" name="deleteUser">
    <skipped/>
  </testcase> <!-- deleteUser -->
</testsuite> <!-- Sample.TestNGPratice -->
